c:\git\work7\4\debug\vc140.pdb
c:\git\work7\4\debug\vc140.idb
c:\git\work7\4\debug\task3.nativecodeanalysis.xml
c:\git\work7\4\debug\main4.nativecodeanalysis.xml
c:\git\work7\4\debug\task4.nativecodeanalysis.xml
c:\git\work7\4\debug\task4.obj
c:\git\work7\4\debug\main4.obj
c:\git\work7\4\debug\task3.obj
c:\git\work7\debug\4.ilk
c:\git\work7\debug\4.exe
c:\git\work7\debug\4.pdb
c:\git\work7\4\debug\task4.obj.enc
c:\git\work7\4\debug\nativecodeanalysis.read.1.tlog
c:\git\work7\4\debug\vc.nativecodeanalysis.all.xml
c:\git\work7\debug\4.exe.lastcodeanalysissucceeded
c:\git\work7\4\debug\4.tlog\cl.command.1.tlog
c:\git\work7\4\debug\4.tlog\cl.read.1.tlog
c:\git\work7\4\debug\4.tlog\cl.write.1.tlog
c:\git\work7\4\debug\4.tlog\link.command.1.tlog
c:\git\work7\4\debug\4.tlog\link.read.1.tlog
c:\git\work7\4\debug\4.tlog\link.write.1.tlog
