c:\git\work7\huffman archiver\1\debug\vc140.pdb
c:\git\work7\huffman archiver\1\debug\vc140.idb
c:\git\work7\huffman archiver\1\debug\task3.nativecodeanalysis.xml
c:\git\work7\huffman archiver\1\debug\task4.nativecodeanalysis.xml
c:\git\work7\huffman archiver\1\debug\task5.nativecodeanalysis.xml
c:\git\work7\huffman archiver\1\debug\main.nativecodeanalysis.xml
c:\git\work7\huffman archiver\1\debug\unzip.nativecodeanalysis.xml
c:\git\work7\huffman archiver\1\debug\zip.nativecodeanalysis.xml
c:\git\work7\huffman archiver\1\debug\zip.obj
c:\git\work7\huffman archiver\1\debug\unzip.obj
c:\git\work7\huffman archiver\1\debug\main.obj
c:\git\work7\huffman archiver\1\debug\task5.obj
c:\git\work7\huffman archiver\1\debug\task4.obj
c:\git\work7\huffman archiver\1\debug\task3.obj
c:\git\work7\huffman archiver\debug\1.ilk
c:\git\work7\huffman archiver\debug\1.exe
c:\git\work7\huffman archiver\debug\1.pdb
c:\git\work7\huffman archiver\1\debug\nativecodeanalysis.read.1.tlog
c:\git\work7\huffman archiver\1\debug\vc.nativecodeanalysis.all.xml
c:\git\work7\huffman archiver\1\debug\1.tlog\cl.command.1.tlog
c:\git\work7\huffman archiver\1\debug\1.tlog\cl.read.1.tlog
c:\git\work7\huffman archiver\1\debug\1.tlog\cl.write.1.tlog
c:\git\work7\huffman archiver\1\debug\1.tlog\link.command.1.tlog
c:\git\work7\huffman archiver\1\debug\1.tlog\link.read.1.tlog
c:\git\work7\huffman archiver\1\debug\1.tlog\link.write.1.tlog
